TN:
SF:/Users/zhenhan/Downloads/SmileTest/src/polyfills.ts
FNF:0
FNH:0
LF:0
LH:0
BRF:0
BRH:0
end_of_record
TN:
SF:/Users/zhenhan/Downloads/SmileTest/src/test.ts
FNF:0
FNH:0
DA:18,1
DA:23,1
DA:25,1
LF:3
LH:3
BRF:0
BRH:0
end_of_record
TN:
SF:/Users/zhenhan/Downloads/SmileTest/src/app/app.component.ts
FN:10,(anonymous_0)
FNF:1
FNH:0
FNDA:0,(anonymous_0)
DA:9,1
LF:1
LH:1
BRF:0
BRH:0
end_of_record
TN:
SF:/Users/zhenhan/Downloads/SmileTest/src/app/menu/menu.component.ts
FN:10,(anonymous_0)
FN:12,(anonymous_1)
FNF:2
FNH:2
FNDA:1,(anonymous_0)
FNDA:1,(anonymous_1)
DA:8,1
LF:1
LH:1
BRF:0
BRH:0
end_of_record
TN:
SF:/Users/zhenhan/Downloads/SmileTest/src/app/patient/patient.component.ts
FN:31,(anonymous_0)
FN:36,(anonymous_1)
FN:40,(anonymous_2)
FN:58,(anonymous_4)
FN:60,(anonymous_5)
FN:78,(anonymous_6)
FN:85,(anonymous_7)
FN:96,(anonymous_8)
FN:100,(anonymous_9)
FN:107,(anonymous_10)
FN:108,(anonymous_11)
FNF:11
FNH:10
FNDA:12,(anonymous_0)
FNDA:12,(anonymous_1)
FNDA:16,(anonymous_2)
FNDA:4,(anonymous_4)
FNDA:80,(anonymous_5)
FNDA:246,(anonymous_6)
FNDA:16,(anonymous_7)
FNDA:1,(anonymous_8)
FNDA:3,(anonymous_9)
FNDA:12,(anonymous_10)
FNDA:0,(anonymous_11)
DA:11,1
DA:14,12
DA:15,12
DA:16,12
DA:19,12
DA:22,12
DA:27,12
DA:28,12
DA:29,12
DA:32,12
DA:33,12
DA:37,12
DA:41,16
DA:42,16
DA:43,16
DA:44,16
DA:45,16
DA:46,3
DA:47,1
DA:48,1
DA:50,2
DA:52,13
DA:54,15
DA:55,15
DA:60,4
DA:61,80
DA:74,80
DA:78,4
DA:79,246
DA:80,246
DA:81,246
DA:87,16
DA:88,16
DA:89,16
DA:90,16
DA:91,16
DA:93,16
DA:97,1
DA:101,3
DA:102,3
DA:103,2
DA:108,12
DA:109,0
DA:110,0
DA:111,0
DA:113,0
LF:46
LH:42
BRDA:46,0,0,1
BRDA:46,0,1,2
BRDA:62,1,0,79
BRDA:62,1,1,1
BRDA:62,2,0,80
BRDA:62,2,1,79
BRDA:66,3,0,78
BRDA:66,3,1,2
BRDA:63,4,0,80
BRDA:63,4,1,79
BRDA:63,4,2,78
BRDA:63,4,3,78
BRDA:70,5,0,74
BRDA:70,5,1,6
BRDA:67,6,0,80
BRDA:67,6,1,79
BRDA:67,6,2,78
BRDA:67,6,3,78
BRDA:71,7,0,78
BRDA:71,7,1,2
BRDA:71,8,0,80
BRDA:71,8,1,79
BRDA:72,9,0,78
BRDA:72,9,1,2
BRDA:72,10,0,80
BRDA:72,10,1,79
BRDA:81,11,0,123
BRDA:81,11,1,123
BRDA:81,12,0,74
BRDA:81,12,1,49
BRDA:102,13,0,2
BRDA:102,13,1,1
BRDA:107,14,0,0
BRDA:110,15,0,0
BRDA:110,15,1,0
BRF:35
BRH:32
end_of_record
TN:
SF:/Users/zhenhan/Downloads/SmileTest/src/app/questionnaire/questionnaire.component.ts
FN:32,(anonymous_0)
FN:37,(anonymous_1)
FN:41,(anonymous_2)
FN:56,(anonymous_4)
FN:67,(anonymous_5)
FN:72,(anonymous_6)
FN:88,(anonymous_7)
FN:89,(anonymous_8)
FN:98,(anonymous_9)
FN:106,(anonymous_10)
FNF:10
FNH:9
FNDA:14,(anonymous_0)
FNDA:14,(anonymous_1)
FNDA:17,(anonymous_2)
FNDA:18,(anonymous_4)
FNDA:1,(anonymous_5)
FNDA:7,(anonymous_6)
FNDA:2,(anonymous_7)
FNDA:0,(anonymous_8)
FNDA:3,(anonymous_9)
FNDA:2,(anonymous_10)
DA:12,1
DA:13,14
DA:14,14
DA:15,14
DA:17,14
DA:18,14
DA:33,14
DA:34,14
DA:38,14
DA:42,17
DA:43,17
DA:44,2
DA:45,1
DA:46,1
DA:48,1
DA:49,1
DA:50,1
DA:52,15
DA:58,18
DA:59,18
DA:60,18
DA:61,18
DA:62,18
DA:64,18
DA:68,1
DA:69,1
DA:73,7
DA:74,18
DA:75,4
DA:76,14
DA:77,6
DA:78,6
DA:79,8
DA:80,2
DA:81,2
DA:82,6
DA:83,6
DA:89,2
DA:90,0
DA:91,0
DA:92,0
DA:94,0
DA:99,3
DA:100,3
DA:101,3
DA:102,2
DA:107,2
LF:47
LH:43
BRDA:44,0,0,1
BRDA:44,0,1,1
BRDA:74,1,0,4
BRDA:74,1,1,14
BRDA:76,2,0,6
BRDA:76,2,1,8
BRDA:79,3,0,2
BRDA:79,3,1,6
BRDA:82,4,0,6
BRDA:82,4,1,0
BRDA:88,5,0,0
BRDA:91,6,0,0
BRDA:91,6,1,0
BRDA:101,7,0,2
BRDA:101,7,1,1
BRF:15
BRH:11
end_of_record
TN:
SF:/Users/zhenhan/Downloads/SmileTest/src/app/services/api-service.service.ts
FN:10,(anonymous_0)
FN:14,(anonymous_1)
FN:33,(anonymous_2)
FNF:3
FNH:3
FNDA:13,(anonymous_0)
FNDA:12,(anonymous_1)
FNDA:12,(anonymous_2)
DA:8,1
DA:11,13
DA:15,12
DA:16,12
DA:17,12
DA:18,12
DA:19,12
DA:21,12
DA:22,0
DA:24,12
DA:25,0
DA:27,12
DA:29,12
DA:34,12
DA:37,12
LF:15
LH:13
BRDA:14,0,0,0
BRDA:14,1,0,0
BRDA:17,2,0,12
BRDA:17,2,1,0
BRDA:17,3,0,12
BRDA:17,3,1,12
BRDA:21,4,0,0
BRDA:21,4,1,12
BRDA:24,5,0,0
BRDA:24,5,1,12
BRF:10
BRH:5
end_of_record
TN:
SF:/Users/zhenhan/Downloads/SmileTest/src/environments/environment.ts
FNF:0
FNH:0
DA:5,1
LF:1
LH:1
BRF:0
BRH:0
end_of_record
TN:
SF:/Users/zhenhan/Downloads/SmileTest/src/mock/getPatientsDefaultOutput.ts
FNF:0
FNH:0
DA:1,1
LF:1
LH:1
BRF:0
BRH:0
end_of_record
TN:
SF:/Users/zhenhan/Downloads/SmileTest/src/mock/patientListMissingData.ts
FNF:0
FNH:0
DA:1,1
LF:1
LH:1
BRF:0
BRH:0
end_of_record
TN:
SF:/Users/zhenhan/Downloads/SmileTest/src/mock/patientsTableDefaultData.ts
FNF:0
FNH:0
DA:1,1
LF:1
LH:1
BRF:0
BRH:0
end_of_record
TN:
SF:/Users/zhenhan/Downloads/SmileTest/src/mock/questionnaireInput.ts
FNF:0
FNH:0
DA:1,1
LF:1
LH:1
BRF:0
BRH:0
end_of_record
TN:
SF:/Users/zhenhan/Downloads/SmileTest/src/mock/questionnaireOutput.ts
FNF:0
FNH:0
DA:1,1
LF:1
LH:1
BRF:0
BRH:0
end_of_record
TN:
SF:/Users/zhenhan/Downloads/SmileTest/src/mock/questionnaireWithoutItemInput.ts
FNF:0
FNH:0
DA:1,1
LF:1
LH:1
BRF:0
BRH:0
end_of_record
TN:
SF:/Users/zhenhan/Downloads/SmileTest/src/mock/responseTemplate.ts
FNF:0
FNH:0
DA:1,1
LF:1
LH:1
BRF:0
BRH:0
end_of_record
TN:
SF:/Users/zhenhan/Downloads/SmileTest/src/mock/tableDataMissingData.ts
FNF:0
FNH:0
DA:1,1
LF:1
LH:1
BRF:0
BRH:0
end_of_record
